qurt_island_add_interrupt
qurt_island_get_specid
qurt_island_remove_interrupt
sns_cal_event_fields
sns_client_event_msg_fields
sns_client_event_msg_sns_client_event_fields
sns_client_request_msg_fields
SNS_CLIENT_SVC_get_service_object_internal_v01
sns_proximity_event_fields
sns_resampler_config_fields
sns_std_attr_event_fields
sns_std_attr_fields
sns_std_attr_req_fields
sns_std_attr_value_data_fields
sns_std_sensor_config_fields
sns_std_sensor_event_fields
sns_std_sensor_physical_config_event_fields
sns_std_suid_fields
sns_suid_event_fields
sns_suid_req_fields
sns_llcm_config
sns_llcm_disable
sns_llcm_poll
uart_close
uart_open
uart_power_off
uart_power_on
uart_receive
uart_transmit
