INFO:Logfile: /local/mnt/workspace/CRMBuilds/CDSP.VT.2.0-00249-SDM710-2_20201030_052916/b/cdsp_proc/build/ms/mbntobin_20201030_053459.log
INFO:mbntobin.py version 1.00
INFO:Python version 2.7.6 (default, Nov 13 2018, 12:45:42) 
[GCC 4.8.4]
INFO:  <asw.mcs.presil>
INFO:
DEBUG:Args: ['/local/mnt/workspace/CRMBuilds/CDSP.VT.2.0-00249-SDM710-2_20201030_052916/b/cdsp_proc/obj/qdsp6v5_ReleaseG/670.cdsp.prod/cdsp.mbn', 'cdsp.bin']
DEBUG:location:/local/mnt/workspace/CRMBuilds/CDSP.VT.2.0-00249-SDM710-2_20201030_052916/b/cdsp_proc/core/bsp/build/scripts/mbntobin.py
DEBUG:MBN File: /local/mnt/workspace/CRMBuilds/CDSP.VT.2.0-00249-SDM710-2_20201030_052916/b/cdsp_proc/obj/qdsp6v5_ReleaseG/670.cdsp.prod/cdsp.mbn
DEBUG:BIN File: cdsp.bin
DEBUG:Loading elf: /local/mnt/workspace/CRMBuilds/CDSP.VT.2.0-00249-SDM710-2_20201030_052916/b/cdsp_proc/obj/qdsp6v5_ReleaseG/670.cdsp.prod/cdsp.mbn
DEBUG:There are 0 sections
DEBUG:Entry point: 0x93300000
DEBUG:Looking for overlays
DEBUG:Ignore segment #0 due to no memory size
DEBUG:Segment #1 - (0x93b00000,0x2000)
DEBUG:Segment #2 - (0x93300000,0x79000)
DEBUG:Segment #3 - (0x93379000,0x1a000)
DEBUG:Segment #4 - (0x93393000,0x1000)
DEBUG:Segment #5 - (0x93394000,0x449000)
DEBUG:Segment #6 - (0x937dd000,0x11000)
DEBUG:Segment #7 - (0x937ee000,0x12000)
DEBUG:Segment #8 - (0x93800000,0x11d000)
DEBUG:Segment #9 - (0x9391d000,0xe3000)
DEBUG:Segment #10 - (0x93a00000,0x44000)
DEBUG:Segment #11 - (0x93a44000,0xbc000)
DEBUG:Looking at segment #2
DEBUG:    Start: 0x93300000
DEBUG:      End: 0x93379000
DEBUG:     Size: 0x79000 bytes
DEBUG:Wrote 0x48c50 bytes of padding for difference between filesize & size
DEBUG:Actual bytes written  : 0x79000
DEBUG:Expected bytes written: 0x79000
DEBUG:Looking at segment #3
DEBUG:    Start: 0x93379000
DEBUG:      End: 0x93393000
DEBUG:     Size: 0x1a000 bytes
DEBUG:Wrote 0x960 bytes of padding for difference between filesize & size
DEBUG:Actual bytes written  : 0x93000
DEBUG:Expected bytes written: 0x93000
DEBUG:Looking at segment #4
DEBUG:    Start: 0x93393000
DEBUG:      End: 0x93394000
DEBUG:     Size: 0x1000 bytes
DEBUG:Wrote 0xc2c bytes of padding for difference between filesize & size
DEBUG:Actual bytes written  : 0x94000
DEBUG:Expected bytes written: 0x94000
DEBUG:Looking at segment #5
DEBUG:    Start: 0x93394000
DEBUG:      End: 0x937dd000
DEBUG:     Size: 0x449000 bytes
DEBUG:Wrote 0x20d878 bytes of padding for difference between filesize & size
DEBUG:Actual bytes written  : 0x4dd000
DEBUG:Expected bytes written: 0x4dd000
DEBUG:Looking at segment #6
DEBUG:    Start: 0x937dd000
DEBUG:      End: 0x937ee000
DEBUG:     Size: 0x11000 bytes
DEBUG:Wrote 0x9cc bytes of padding for difference between filesize & size
DEBUG:Actual bytes written  : 0x4ee000
DEBUG:Expected bytes written: 0x4ee000
DEBUG:Looking at segment #7
DEBUG:    Start: 0x937ee000
DEBUG:      End: 0x93800000
DEBUG:     Size: 0x12000 bytes
DEBUG:Wrote 0x12000 bytes of padding for difference between filesize & size
DEBUG:Actual bytes written  : 0x500000
DEBUG:Expected bytes written: 0x500000
DEBUG:Looking at segment #8
DEBUG:    Start: 0x93800000
DEBUG:      End: 0x9391d000
DEBUG:     Size: 0x11d000 bytes
DEBUG:Wrote 0x10bf58 bytes of padding for difference between filesize & size
DEBUG:Actual bytes written  : 0x61d000
DEBUG:Expected bytes written: 0x61d000
DEBUG:Looking at segment #9
DEBUG:    Start: 0x9391d000
DEBUG:      End: 0x93a00000
DEBUG:     Size: 0xe3000 bytes
DEBUG:Wrote 0xe3000 bytes of padding for difference between filesize & size
DEBUG:Actual bytes written  : 0x700000
DEBUG:Expected bytes written: 0x700000
DEBUG:Looking at segment #10
DEBUG:    Start: 0x93a00000
DEBUG:      End: 0x93a44000
DEBUG:     Size: 0x44000 bytes
DEBUG:Wrote 0x3aaec bytes of padding for difference between filesize & size
DEBUG:Actual bytes written  : 0x744000
DEBUG:Expected bytes written: 0x744000
DEBUG:Looking at segment #11
DEBUG:    Start: 0x93a44000
DEBUG:      End: 0x93b00000
DEBUG:     Size: 0xbc000 bytes
DEBUG:Wrote 0xbc000 bytes of padding for difference between filesize & size
DEBUG:Actual bytes written  : 0x800000
DEBUG:Expected bytes written: 0x800000
INFO:Total bytes written to BIN: 0x800000 = 8192.00KB
