INFO:Logfile: /local/mnt/workspace/CRMBuilds/ADSP.VT.5.0-00526-SDM710-1_20201217_021900/b/adsp_proc/build/ms/mbntobin_20201217_023550.log
INFO:mbntobin.py version 1.00
INFO:Python version 2.7.12 (default, Jul 21 2020, 15:19:50) 
[GCC 5.4.0 20160609]
INFO:  <asw.mcs.presil>
INFO:
DEBUG:Args: ['/local/mnt/workspace/CRMBuilds/ADSP.VT.5.0-00526-SDM710-1_20201217_021900/b/adsp_proc/obj/qdsp6v5_ReleaseG/670.adsp.prod/adsp.mbn', 'adsp.bin']
DEBUG:location:/local/mnt/workspace/CRMBuilds/ADSP.VT.5.0-00526-SDM710-1_20201217_021900/b/adsp_proc/core/bsp/build/scripts/mbntobin.py
DEBUG:MBN File: /local/mnt/workspace/CRMBuilds/ADSP.VT.5.0-00526-SDM710-1_20201217_021900/b/adsp_proc/obj/qdsp6v5_ReleaseG/670.adsp.prod/adsp.mbn
DEBUG:BIN File: adsp.bin
DEBUG:Loading elf: /local/mnt/workspace/CRMBuilds/ADSP.VT.5.0-00526-SDM710-1_20201217_021900/b/adsp_proc/obj/qdsp6v5_ReleaseG/670.adsp.prod/adsp.mbn
DEBUG:There are 0 sections
DEBUG:Entry point: 0x93d00000
DEBUG:Looking for overlays
DEBUG:Ignore segment #0 due to no memory size
DEBUG:Segment #1 - (0x95b00000,0x2000)
DEBUG:Segment #2 - (0x93d00000,0x3000)
DEBUG:Segment #3 - (0x93d03000,0x1e000)
DEBUG:Segment #4 - (0x93d21000,0x1c9000)
DEBUG:Segment #5 - (0x93eea000,0x480000)
DEBUG:Segment #6 - (0x9436a000,0x1000)
DEBUG:Segment #7 - (0x9436b000,0x7000)
DEBUG:Segment #8 - (0x94372000,0x2e000)
DEBUG:Segment #9 - (0x943a0000,0x1a000)
DEBUG:Segment #10 - (0x943ba000,0x52)
DEBUG:Segment #11 - (0x943bb000,0x5000)
DEBUG:Segment #12 - (0x943c0000,0xfe2d)
DEBUG:Segment #13 - (0x943d0000,0x7140)
DEBUG:Segment #14 - (0x943d8000,0x28000)
DEBUG:Segment #15 - (0x94400000,0x11af70)
DEBUG:Segment #16 - (0x9451af70,0x38a58)
DEBUG:Segment #17 - (0x945539c8,0x24658)
DEBUG:Segment #18 - (0x94578020,0x604fe0)
DEBUG:Segment #19 - (0x94b7d000,0x6000)
DEBUG:Segment #20 - (0x94b83000,0x2eb50)
DEBUG:Segment #21 - (0x94bb1b50,0x117c0)
DEBUG:Segment #22 - (0x94bc3310,0x4fcf0)
DEBUG:Segment #23 - (0x94c13000,0x79ac8)
DEBUG:Segment #24 - (0x94c8d000,0xbc)
DEBUG:Segment #25 - (0x94d00000,0x651000)
DEBUG:Segment #26 - (0x95351000,0x417000)
DEBUG:Segment #27 - (0x95768000,0x1000)
DEBUG:Segment #28 - (0x95769000,0x10000)
DEBUG:Segment #29 - (0x9577a000,0x386000)
DEBUG:Looking at segment #2
DEBUG:    Start: 0x93d00000
DEBUG:      End: 0x93d03000
DEBUG:     Size: 0x3000 bytes
DEBUG:Wrote 0xa1c bytes of padding for difference between filesize & size
DEBUG:Actual bytes written  : 0x3000
DEBUG:Expected bytes written: 0x3000
DEBUG:Looking at segment #3
DEBUG:    Start: 0x93d03000
DEBUG:      End: 0x93d21000
DEBUG:     Size: 0x1e000 bytes
DEBUG:Wrote 0xf3c bytes of padding for difference between filesize & size
DEBUG:Actual bytes written  : 0x21000
DEBUG:Expected bytes written: 0x21000
DEBUG:Looking at segment #4
DEBUG:    Start: 0x93d21000
DEBUG:      End: 0x93eea000
DEBUG:     Size: 0x1c9000 bytes
DEBUG:Wrote 0x8a0 bytes of padding for difference between filesize & size
DEBUG:Actual bytes written  : 0x1ea000
DEBUG:Expected bytes written: 0x1ea000
DEBUG:Looking at segment #5
DEBUG:    Start: 0x93eea000
DEBUG:      End: 0x9436a000
DEBUG:     Size: 0x480000 bytes
DEBUG:Wrote 0x298e70 bytes of padding for difference between filesize & size
DEBUG:Actual bytes written  : 0x66a000
DEBUG:Expected bytes written: 0x66a000
DEBUG:Looking at segment #6
DEBUG:    Start: 0x9436a000
DEBUG:      End: 0x9436b000
DEBUG:     Size: 0x1000 bytes
DEBUG:Wrote 0x498 bytes of padding for difference between filesize & size
DEBUG:Actual bytes written  : 0x66b000
DEBUG:Expected bytes written: 0x66b000
DEBUG:Looking at segment #7
DEBUG:    Start: 0x9436b000
DEBUG:      End: 0x94372000
DEBUG:     Size: 0x7000 bytes
DEBUG:Wrote 0xee8 bytes of padding for difference between filesize & size
DEBUG:Actual bytes written  : 0x672000
DEBUG:Expected bytes written: 0x672000
DEBUG:Looking at segment #8
DEBUG:    Start: 0x94372000
DEBUG:      End: 0x943a0000
DEBUG:     Size: 0x2e000 bytes
DEBUG:Wrote 0x358 bytes of padding for difference between filesize & size
DEBUG:Actual bytes written  : 0x6a0000
DEBUG:Expected bytes written: 0x6a0000
DEBUG:Looking at segment #9
DEBUG:    Start: 0x943a0000
DEBUG:      End: 0x943ba000
DEBUG:     Size: 0x1a000 bytes
DEBUG:Wrote 0x970 bytes of padding for difference between filesize & size
DEBUG:Actual bytes written  : 0x6ba000
DEBUG:Expected bytes written: 0x6ba000
DEBUG:Looking at segment #10
DEBUG:    Start: 0x943ba000
DEBUG:      End: 0x943ba052
DEBUG:     Size: 0x52 bytes
DEBUG:Actual bytes written  : 0x6ba052
DEBUG:Expected bytes written: 0x6ba052
DEBUG:Looking at segment #11
DEBUG:    Start: 0x943bb000
DEBUG:      End: 0x943c0000
DEBUG:     Size: 0x5000 bytes
DEBUG:Wrote 0xfae bytes of padding
DEBUG:Actual bytes written  : 0x6c0000
DEBUG:Expected bytes written: 0x6c0000
DEBUG:Looking at segment #12
DEBUG:    Start: 0x943c0000
DEBUG:      End: 0x943cfe2d
DEBUG:     Size: 0xfe2d bytes
DEBUG:Actual bytes written  : 0x6cfe2d
DEBUG:Expected bytes written: 0x6cfe2d
DEBUG:Looking at segment #13
DEBUG:    Start: 0x943d0000
DEBUG:      End: 0x943d7140
DEBUG:     Size: 0x7140 bytes
DEBUG:Wrote 0x1d3 bytes of padding
DEBUG:Actual bytes written  : 0x6d7140
DEBUG:Expected bytes written: 0x6d7140
DEBUG:Looking at segment #14
DEBUG:    Start: 0x943d8000
DEBUG:      End: 0x94400000
DEBUG:     Size: 0x28000 bytes
DEBUG:Wrote 0xec0 bytes of padding
DEBUG:Actual bytes written  : 0x700000
DEBUG:Expected bytes written: 0x700000
DEBUG:Looking at segment #15
DEBUG:    Start: 0x94400000
DEBUG:      End: 0x9451af70
DEBUG:     Size: 0x11af70 bytes
DEBUG:Wrote 0xf bytes of padding for difference between filesize & size
DEBUG:Actual bytes written  : 0x81af70
DEBUG:Expected bytes written: 0x81af70
DEBUG:Looking at segment #16
DEBUG:    Start: 0x9451af70
DEBUG:      End: 0x945539c8
DEBUG:     Size: 0x38a58 bytes
DEBUG:Actual bytes written  : 0x8539c8
DEBUG:Expected bytes written: 0x8539c8
DEBUG:Looking at segment #17
DEBUG:    Start: 0x945539c8
DEBUG:      End: 0x94578020
DEBUG:     Size: 0x24658 bytes
DEBUG:Wrote 0x18 bytes of padding for difference between filesize & size
DEBUG:Actual bytes written  : 0x878020
DEBUG:Expected bytes written: 0x878020
DEBUG:Looking at segment #18
DEBUG:    Start: 0x94578020
DEBUG:      End: 0x94b7d000
DEBUG:     Size: 0x604fe0 bytes
DEBUG:Wrote 0x5fdffc bytes of padding for difference between filesize & size
DEBUG:Actual bytes written  : 0xe7d000
DEBUG:Expected bytes written: 0xe7d000
DEBUG:Looking at segment #19
DEBUG:    Start: 0x94b7d000
DEBUG:      End: 0x94b83000
DEBUG:     Size: 0x6000 bytes
DEBUG:Wrote 0x5dc bytes of padding for difference between filesize & size
DEBUG:Actual bytes written  : 0xe83000
DEBUG:Expected bytes written: 0xe83000
DEBUG:Looking at segment #20
DEBUG:    Start: 0x94b83000
DEBUG:      End: 0x94bb1b50
DEBUG:     Size: 0x2eb50 bytes
DEBUG:Wrote 0x231a5 bytes of padding for difference between filesize & size
DEBUG:Actual bytes written  : 0xeb1b50
DEBUG:Expected bytes written: 0xeb1b50
DEBUG:Looking at segment #21
DEBUG:    Start: 0x94bb1b50
DEBUG:      End: 0x94bc3310
DEBUG:     Size: 0x117c0 bytes
DEBUG:Wrote 0x4 bytes of padding for difference between filesize & size
DEBUG:Actual bytes written  : 0xec3310
DEBUG:Expected bytes written: 0xec3310
DEBUG:Looking at segment #22
DEBUG:    Start: 0x94bc3310
DEBUG:      End: 0x94c13000
DEBUG:     Size: 0x4fcf0 bytes
DEBUG:Wrote 0x414 bytes of padding for difference between filesize & size
DEBUG:Actual bytes written  : 0xf13000
DEBUG:Expected bytes written: 0xf13000
DEBUG:Looking at segment #23
DEBUG:    Start: 0x94c13000
DEBUG:      End: 0x94c8cac8
DEBUG:     Size: 0x79ac8 bytes
DEBUG:Actual bytes written  : 0xf8cac8
DEBUG:Expected bytes written: 0xf8cac8
DEBUG:Looking at segment #24
DEBUG:    Start: 0x94c8d000
DEBUG:      End: 0x94c8d0bc
DEBUG:     Size: 0xbc bytes
DEBUG:Wrote 0x538 bytes of padding
DEBUG:Actual bytes written  : 0xf8d0bc
DEBUG:Expected bytes written: 0xf8d0bc
DEBUG:Looking at segment #25
DEBUG:    Start: 0x94d00000
DEBUG:      End: 0x95351000
DEBUG:     Size: 0x651000 bytes
DEBUG:Wrote 0x72f44 bytes of padding
DEBUG:Wrote 0x8c4 bytes of padding for difference between filesize & size
DEBUG:Actual bytes written  : 0x1651000
DEBUG:Expected bytes written: 0x1651000
DEBUG:Looking at segment #26
DEBUG:    Start: 0x95351000
DEBUG:      End: 0x95768000
DEBUG:     Size: 0x417000 bytes
DEBUG:Wrote 0x3cafa0 bytes of padding for difference between filesize & size
DEBUG:Actual bytes written  : 0x1a68000
DEBUG:Expected bytes written: 0x1a68000
DEBUG:Looking at segment #27
DEBUG:    Start: 0x95768000
DEBUG:      End: 0x95769000
DEBUG:     Size: 0x1000 bytes
DEBUG:Wrote 0x6c0 bytes of padding for difference between filesize & size
DEBUG:Actual bytes written  : 0x1a69000
DEBUG:Expected bytes written: 0x1a69000
DEBUG:Looking at segment #28
DEBUG:    Start: 0x95769000
DEBUG:      End: 0x95779000
DEBUG:     Size: 0x10000 bytes
DEBUG:Wrote 0x328 bytes of padding for difference between filesize & size
DEBUG:Actual bytes written  : 0x1a79000
DEBUG:Expected bytes written: 0x1a79000
DEBUG:Looking at segment #29
DEBUG:    Start: 0x9577a000
DEBUG:      End: 0x95b00000
DEBUG:     Size: 0x386000 bytes
DEBUG:Wrote 0x1000 bytes of padding
DEBUG:Wrote 0x386000 bytes of padding for difference between filesize & size
DEBUG:Actual bytes written  : 0x1e00000
DEBUG:Expected bytes written: 0x1e00000
INFO:Total bytes written to BIN: 0x1e00000 = 30720.00KB
